2023-04-06T11:45:52.941 DEBUG --- [  MainThread] stevedore.extension        : found extension EntryPoint(name='_patch_botocore_json_parser', value='localstack.aws.client:_patch_botocore_json_parser', group='localstack.hooks.on_infra_start')
2023-04-06T11:45:52.943 DEBUG --- [  MainThread] stevedore.extension        : found extension EntryPoint(name='_publish_config_as_analytics_event', value='localstack.runtime.analytics:_publish_config_as_analytics_event', group='localstack.hooks.on_infra_start')
2023-04-06T11:45:52.945 DEBUG --- [  MainThread] stevedore.extension        : found extension EntryPoint(name='_publish_container_info', value='localstack.runtime.analytics:_publish_container_info', group='localstack.hooks.on_infra_start')
2023-04-06T11:45:52.945 DEBUG --- [  MainThread] stevedore.extension        : found extension EntryPoint(name='_run_init_scripts_on_start', value='localstack.runtime.init:_run_init_scripts_on_start', group='localstack.hooks.on_infra_start')
2023-04-06T11:45:52.950 DEBUG --- [  MainThread] stevedore.extension        : found extension EntryPoint(name='deprecation_warnings', value='localstack.plugins:deprecation_warnings', group='localstack.hooks.on_infra_start')
2023-04-06T11:45:52.952 DEBUG --- [  MainThread] stevedore.extension        : found extension EntryPoint(name='register_partition_adjusting_proxy_listener', value='localstack.plugins:register_partition_adjusting_proxy_listener', group='localstack.hooks.on_infra_start')
2023-04-06T11:45:52.952 DEBUG --- [  MainThread] stevedore.extension        : found extension EntryPoint(name='_run_dill_patch', value='localstack_ext.bootstrap.pods.plugins:_run_dill_patch', group='localstack.hooks.on_infra_start')
2023-04-06T11:45:52.955 DEBUG --- [  MainThread] stevedore.extension        : found extension EntryPoint(name='add_aws_request_logger', value='localstack_ext.analytics.plugins:add_aws_request_logger', group='localstack.hooks.on_infra_start')
2023-04-06T11:45:52.960 DEBUG --- [  MainThread] stevedore.extension        : found extension EntryPoint(name='add_custom_edge_routes', value='localstack_ext.plugins:add_custom_edge_routes', group='localstack.hooks.on_infra_start')
2023-04-06T11:45:52.965 DEBUG --- [  MainThread] stevedore.extension        : found extension EntryPoint(name='add_iam_enforcement_listener', value='localstack_ext.services.iam.plugins:add_iam_enforcement_listener', group='localstack.hooks.on_infra_start')
2023-04-06T11:45:52.969 DEBUG --- [  MainThread] stevedore.extension        : found extension EntryPoint(name='add_legacy_iam_enforcement_listener', value='localstack_ext.services.iam.plugins:add_legacy_iam_enforcement_listener', group='localstack.hooks.on_infra_start')
2023-04-06T11:45:52.970 DEBUG --- [  MainThread] stevedore.extension        : found extension EntryPoint(name='configure_enterprise', value='localstack_ext.plugins:configure_enterprise', group='localstack.hooks.on_infra_start')
2023-04-06T11:45:52.971 DEBUG --- [  MainThread] stevedore.extension        : found extension EntryPoint(name='deprecation_warnings_pro', value='localstack_ext.plugins:deprecation_warnings_pro', group='localstack.hooks.on_infra_start')
2023-04-06T11:45:52.971 DEBUG --- [  MainThread] stevedore.extension        : found extension EntryPoint(name='extensions_on_infra_start', value='localstack_ext.extensions.plugins:extensions_on_infra_start', group='localstack.hooks.on_infra_start')
2023-04-06T11:45:52.978 DEBUG --- [  MainThread] stevedore.extension        : found extension EntryPoint(name='init_stackinfo_handler', value='localstack_ext.services.internal.stackinfo.plugins:init_stackinfo_handler', group='localstack.hooks.on_infra_start')
2023-04-06T11:45:52.983 DEBUG --- [  MainThread] stevedore.extension        : found extension EntryPoint(name='register_launchpad_api', value='localstack_ext.bootstrap.pods.launchpad.plugins:register_launchpad_api', group='localstack.hooks.on_infra_start')
2023-04-06T11:45:52.992 DEBUG --- [  MainThread] stevedore.extension        : found extension EntryPoint(name='register_restricted_pods_api', value='localstack_ext.persistence.plugins:register_restricted_pods_api', group='localstack.hooks.on_infra_start')
2023-04-06T11:45:52.996 DEBUG --- [  MainThread] stevedore.extension        : found extension EntryPoint(name='register_state_serializer_handlers', value='localstack_ext.persistence.plugins:register_state_serializer_handlers', group='localstack.hooks.on_infra_start')
2023-04-06T11:45:52.997 DEBUG --- [  MainThread] stevedore.extension        : found extension EntryPoint(name='setup_pro_infra', value='localstack_ext.plugins:setup_pro_infra', group='localstack.hooks.on_infra_start')
2023-04-06T11:45:52.997 DEBUG --- [  MainThread] stevedore.extension        : found extension EntryPoint(name='start_dns_server', value='localstack_ext.plugins:start_dns_server', group='localstack.hooks.on_infra_start')
2023-04-06T11:45:52.998 DEBUG --- [  MainThread] stevedore.extension        : found extension EntryPoint(name='do_run_state_load_all', value='localstack_persistence.snapshot.__plugins__:do_run_state_load_all', group='localstack.hooks.on_infra_start')
2023-04-06T11:45:53.527 DEBUG --- [  MainThread] l.a.p.service_router       : building service catalog index cache file /var/lib/localstack/cache/service-catalog-1_4_1_dev-1_29_97.pickle
2023-04-06T11:45:56.757  WARN --- [  MainThread] l.services.internal        : Enabling diagnose endpoint, please be aware that this can expose sensitive information via your network.
2023-04-06T11:45:56.764 DEBUG --- [  MainThread] stevedore.extension        : found extension EntryPoint(name='register_pickle_patches_runtime', value='localstack_persistence.pickling.__plugins__:register_pickle_patches_runtime', group='localstack.hooks.on_infra_start')
2023-04-06T11:45:56.767 DEBUG --- [  MainThread] stevedore.extension        : found extension EntryPoint(name='register_public_cloudpods_endpoints', value='localstack_persistence.pods.__plugins__:register_public_cloudpods_endpoints', group='localstack.hooks.on_infra_start')
2023-04-06T11:45:56.770 DEBUG --- [  MainThread] stevedore.extension        : found extension EntryPoint(name='register_reset_state_resource', value='localstack_persistence.reset.__plugins__:register_reset_state_resource', group='localstack.hooks.on_infra_start')
2023-04-06T11:45:56.773 DEBUG --- [  MainThread] stevedore.extension        : found extension EntryPoint(name='register_state_load_strategy', value='localstack_persistence.snapshot.__plugins__:register_state_load_strategy', group='localstack.hooks.on_infra_start')
2023-04-06T11:45:56.773 DEBUG --- [  MainThread] stevedore.extension        : found extension EntryPoint(name='register_state_resource', value='localstack_persistence.snapshot.__plugins__:register_state_resource', group='localstack.hooks.on_infra_start')
2023-04-06T11:45:56.774 DEBUG --- [  MainThread] stevedore.extension        : found extension EntryPoint(name='register_state_save_strategy', value='localstack_persistence.snapshot.__plugins__:register_state_save_strategy', group='localstack.hooks.on_infra_start')
2023-04-06T11:45:56.774 DEBUG --- [  MainThread] plugin.manager             : instantiating plugin PluginSpec(localstack.hooks.on_infra_start._patch_botocore_json_parser = <function _patch_botocore_json_parser at 0x7f668fd57f40>)
2023-04-06T11:45:56.775 DEBUG --- [  MainThread] plugin.manager             : loading plugin localstack.hooks.on_infra_start:_patch_botocore_json_parser
2023-04-06T11:45:56.775 DEBUG --- [  MainThread] plugin.manager             : instantiating plugin PluginSpec(localstack.hooks.on_infra_start._publish_config_as_analytics_event = <function _publish_config_as_analytics_event at 0x7f668fd7c310>)
2023-04-06T11:45:56.775 DEBUG --- [  MainThread] plugin.manager             : loading plugin localstack.hooks.on_infra_start:_publish_config_as_analytics_event
2023-04-06T11:45:56.775 DEBUG --- [  MainThread] plugin.manager             : instantiating plugin PluginSpec(localstack.hooks.on_infra_start._publish_container_info = <function _publish_container_info at 0x7f668fd7c5e0>)
2023-04-06T11:45:56.775 DEBUG --- [  MainThread] plugin.manager             : loading plugin localstack.hooks.on_infra_start:_publish_container_info
2023-04-06T11:45:56.775 DEBUG --- [  MainThread] plugin.manager             : instantiating plugin PluginSpec(localstack.hooks.on_infra_start._run_init_scripts_on_start = <function _run_init_scripts_on_start at 0x7f668fd7d240>)
2023-04-06T11:45:56.775 DEBUG --- [  MainThread] plugin.manager             : loading plugin localstack.hooks.on_infra_start:_run_init_scripts_on_start
2023-04-06T11:45:56.775 DEBUG --- [  MainThread] plugin.manager             : instantiating plugin PluginSpec(localstack.hooks.on_infra_start.deprecation_warnings = <function deprecation_warnings at 0x7f668fd7da20>)
2023-04-06T11:45:56.776 DEBUG --- [  MainThread] plugin.manager             : loading plugin localstack.hooks.on_infra_start:deprecation_warnings
2023-04-06T11:45:56.776 DEBUG --- [  MainThread] plugin.manager             : instantiating plugin PluginSpec(localstack.hooks.on_infra_start.register_partition_adjusting_proxy_listener = <function register_partition_adjusting_proxy_listener at 0x7f668fd7d900>)
2023-04-06T11:45:56.776 DEBUG --- [  MainThread] plugin.manager             : plugin localstack.hooks.on_infra_start:register_partition_adjusting_proxy_listener is disabled
2023-04-06T11:45:56.776 DEBUG --- [  MainThread] plugin.manager             : instantiating plugin PluginSpec(localstack.hooks.on_infra_start._run_dill_patch = <function _run_dill_patch at 0x7f668fd7dab0>)
2023-04-06T11:45:56.776 DEBUG --- [  MainThread] plugin.manager             : loading plugin localstack.hooks.on_infra_start:_run_dill_patch
2023-04-06T11:45:56.776 DEBUG --- [  MainThread] plugin.manager             : instantiating plugin PluginSpec(localstack.hooks.on_infra_start.add_aws_request_logger = <function add_aws_request_logger at 0x7f668fd7de10>)
2023-04-06T11:45:56.777 DEBUG --- [  MainThread] plugin.manager             : plugin localstack.hooks.on_infra_start:add_aws_request_logger is disabled
2023-04-06T11:45:56.777 DEBUG --- [  MainThread] plugin.manager             : instantiating plugin PluginSpec(localstack.hooks.on_infra_start.add_custom_edge_routes = <function add_custom_edge_routes at 0x7f668fd7f2e0>)
2023-04-06T11:45:56.777 DEBUG --- [  MainThread] plugin.manager             : plugin localstack.hooks.on_infra_start:add_custom_edge_routes is disabled
2023-04-06T11:45:56.777 DEBUG --- [  MainThread] plugin.manager             : instantiating plugin PluginSpec(localstack.hooks.on_infra_start.add_iam_enforcement_listener = <function add_iam_enforcement_listener at 0x7f668fd9c4c0>)
2023-04-06T11:45:56.777 DEBUG --- [  MainThread] plugin.manager             : plugin localstack.hooks.on_infra_start:add_iam_enforcement_listener is disabled
2023-04-06T11:45:56.777 DEBUG --- [  MainThread] plugin.manager             : instantiating plugin PluginSpec(localstack.hooks.on_infra_start.add_legacy_iam_enforcement_listener = <function add_legacy_iam_enforcement_listener at 0x7f668fd9c310>)
2023-04-06T11:45:56.777 DEBUG --- [  MainThread] plugin.manager             : plugin localstack.hooks.on_infra_start:add_legacy_iam_enforcement_listener is disabled
2023-04-06T11:45:56.777 DEBUG --- [  MainThread] plugin.manager             : instantiating plugin PluginSpec(localstack.hooks.on_infra_start.configure_enterprise = <function configure_enterprise at 0x7f668fd7f9a0>)
2023-04-06T11:45:56.777 DEBUG --- [  MainThread] plugin.manager             : plugin localstack.hooks.on_infra_start:configure_enterprise is disabled
2023-04-06T11:45:56.777 DEBUG --- [  MainThread] plugin.manager             : instantiating plugin PluginSpec(localstack.hooks.on_infra_start.deprecation_warnings_pro = <function deprecation_warnings_pro at 0x7f668fd7fe20>)
2023-04-06T11:45:56.778 DEBUG --- [  MainThread] plugin.manager             : loading plugin localstack.hooks.on_infra_start:deprecation_warnings_pro
2023-04-06T11:45:56.778 DEBUG --- [  MainThread] plugin.manager             : instantiating plugin PluginSpec(localstack.hooks.on_infra_start.extensions_on_infra_start = <function extensions_on_infra_start at 0x7f668fd9c820>)
2023-04-06T11:45:56.778 DEBUG --- [  MainThread] plugin.manager             : plugin localstack.hooks.on_infra_start:extensions_on_infra_start is disabled
2023-04-06T11:45:56.778 DEBUG --- [  MainThread] plugin.manager             : instantiating plugin PluginSpec(localstack.hooks.on_infra_start.init_stackinfo_handler = <function init_stackinfo_handler at 0x7f668fd9ce50>)
2023-04-06T11:45:56.778 DEBUG --- [  MainThread] plugin.manager             : plugin localstack.hooks.on_infra_start:init_stackinfo_handler is disabled
2023-04-06T11:45:56.778 DEBUG --- [  MainThread] plugin.manager             : instantiating plugin PluginSpec(localstack.hooks.on_infra_start.register_launchpad_api = <function register_launchpad_api at 0x7f668fd9e320>)
2023-04-06T11:45:56.778 DEBUG --- [  MainThread] plugin.manager             : loading plugin localstack.hooks.on_infra_start:register_launchpad_api
2023-04-06T11:45:56.778 DEBUG --- [  MainThread] plugin.manager             : instantiating plugin PluginSpec(localstack.hooks.on_infra_start.register_restricted_pods_api = <function register_restricted_pods_api at 0x7f668fd9e680>)
2023-04-06T11:45:56.778 DEBUG --- [  MainThread] plugin.manager             : plugin localstack.hooks.on_infra_start:register_restricted_pods_api is disabled
2023-04-06T11:45:56.778 DEBUG --- [  MainThread] plugin.manager             : instantiating plugin PluginSpec(localstack.hooks.on_infra_start.register_state_serializer_handlers = <function register_state_serializer_handlers at 0x7f668fd9e7a0>)
2023-04-06T11:45:56.778 DEBUG --- [  MainThread] plugin.manager             : plugin localstack.hooks.on_infra_start:register_state_serializer_handlers is disabled
2023-04-06T11:45:56.778 DEBUG --- [  MainThread] plugin.manager             : instantiating plugin PluginSpec(localstack.hooks.on_infra_start.setup_pro_infra = <function setup_pro_infra at 0x7f668fd7fac0>)
2023-04-06T11:45:56.779 DEBUG --- [  MainThread] plugin.manager             : plugin localstack.hooks.on_infra_start:setup_pro_infra is disabled
2023-04-06T11:45:56.779 DEBUG --- [  MainThread] plugin.manager             : instantiating plugin PluginSpec(localstack.hooks.on_infra_start.start_dns_server = <function start_dns_server at 0x7f668fd7f640>)
2023-04-06T11:45:56.779 DEBUG --- [  MainThread] plugin.manager             : plugin localstack.hooks.on_infra_start:start_dns_server is disabled
2023-04-06T11:45:56.779 DEBUG --- [  MainThread] plugin.manager             : instantiating plugin PluginSpec(localstack.hooks.on_infra_start.do_run_state_load_all = <function do_run_state_load_all at 0x7f6680ca71c0>)
2023-04-06T11:45:56.779 DEBUG --- [  MainThread] plugin.manager             : plugin localstack.hooks.on_infra_start:do_run_state_load_all is disabled
2023-04-06T11:45:56.779 DEBUG --- [  MainThread] plugin.manager             : instantiating plugin PluginSpec(localstack.hooks.on_infra_start.register_pickle_patches_runtime = <function register_pickle_patches_runtime at 0x7f6680ca7490>)
2023-04-06T11:45:56.779 DEBUG --- [  MainThread] plugin.manager             : loading plugin localstack.hooks.on_infra_start:register_pickle_patches_runtime
2023-04-06T11:45:56.779 DEBUG --- [  MainThread] plugin.manager             : instantiating plugin PluginSpec(localstack.hooks.on_infra_start.register_public_cloudpods_endpoints = <function register_public_cloudpods_endpoints at 0x7f6680ca77f0>)
2023-04-06T11:45:56.779 DEBUG --- [  MainThread] plugin.manager             : loading plugin localstack.hooks.on_infra_start:register_public_cloudpods_endpoints
2023-04-06T11:45:56.779 DEBUG --- [  MainThread] plugin.manager             : instantiating plugin PluginSpec(localstack.hooks.on_infra_start.register_reset_state_resource = <function register_reset_state_resource at 0x7f6680ca79a0>)
2023-04-06T11:45:56.779 DEBUG --- [  MainThread] plugin.manager             : plugin localstack.hooks.on_infra_start:register_reset_state_resource is disabled
2023-04-06T11:45:56.779 DEBUG --- [  MainThread] plugin.manager             : instantiating plugin PluginSpec(localstack.hooks.on_infra_start.register_state_load_strategy = <function register_state_load_strategy at 0x7f6680ca70a0>)
2023-04-06T11:45:56.780 DEBUG --- [  MainThread] plugin.manager             : plugin localstack.hooks.on_infra_start:register_state_load_strategy is disabled
2023-04-06T11:45:56.780 DEBUG --- [  MainThread] plugin.manager             : instantiating plugin PluginSpec(localstack.hooks.on_infra_start.register_state_resource = <function register_state_resource at 0x7f6680ca6f80>)
2023-04-06T11:45:56.780 DEBUG --- [  MainThread] plugin.manager             : plugin localstack.hooks.on_infra_start:register_state_resource is disabled
2023-04-06T11:45:56.780 DEBUG --- [  MainThread] plugin.manager             : instantiating plugin PluginSpec(localstack.hooks.on_infra_start.register_state_save_strategy = <function register_state_save_strategy at 0x7f6680ca72e0>)
2023-04-06T11:45:56.780 DEBUG --- [  MainThread] plugin.manager             : plugin localstack.hooks.on_infra_start:register_state_save_strategy is disabled
2023-04-06T11:45:56.790 DEBUG --- [  MainThread] localstack.runtime.init    : Init scripts discovered: {BOOT: [], START: [], READY: [], SHUTDOWN: []}
2023-04-06T11:45:56.790 DEBUG --- [  MainThread] localstack.plugins         : Checking for the usage of deprecated community features and configs...
2023-04-06T11:45:57.503 DEBUG --- [  MainThread] localstack.utils.threads   : start_thread called without providing a custom name
2023-04-06T11:45:57.530 DEBUG --- [-functhread2] localstack.utils.ssl       : Attempting to download local SSL certificate file
2023-04-06T11:45:58.222 DEBUG --- [-functhread2] localstack.utils.http      : Starting download from https://github.com/localstack/localstack-artifacts/raw/master/local-certs/server.key to /var/lib/localstack/cache/server.test.pem (5258 bytes)
2023-04-06T11:45:58.229 DEBUG --- [-functhread2] localstack.utils.http      : Done downloading https://github.com/localstack/localstack-artifacts/raw/master/local-certs/server.key, response code 200, total bytes 7807
2023-04-06T11:45:58.241  WARN --- [-functhread5] hypercorn.error            : ASGI Framework Lifespan error, continuing without Lifespan support
2023-04-06T11:45:58.241  WARN --- [-functhread5] hypercorn.error            : ASGI Framework Lifespan error, continuing without Lifespan support
2023-04-06T11:45:58.250  INFO --- [-functhread5] hypercorn.error            : Running on https://0.0.0.0:4566 (CTRL + C to quit)
2023-04-06T11:45:58.250  INFO --- [-functhread5] hypercorn.error            : Running on https://0.0.0.0:4566 (CTRL + C to quit)
2023-04-06T11:45:58.408  INFO --- [  MainThread] localstack.utils.bootstrap : Execution of "start_runtime_components" took 905.75ms
2023-04-06T11:45:58.410 DEBUG --- [  MainThread] stevedore.extension        : found extension EntryPoint(name='acm:default', value='localstack.services.providers:acm', group='localstack.aws.provider')
2023-04-06T11:45:58.451 DEBUG --- [  MainThread] stevedore.extension        : found extension EntryPoint(name='apigateway:default', value='localstack.services.providers:apigateway', group='localstack.aws.provider')
2023-04-06T11:45:58.452 DEBUG --- [  MainThread] stevedore.extension        : found extension EntryPoint(name='cloudformation:default', value='localstack.services.providers:cloudformation', group='localstack.aws.provider')
2023-04-06T11:45:58.452 DEBUG --- [  MainThread] stevedore.extension        : found extension EntryPoint(name='cloudwatch:default', value='localstack.services.providers:cloudwatch', group='localstack.aws.provider')
2023-04-06T11:45:58.452 DEBUG --- [  MainThread] stevedore.extension        : found extension EntryPoint(name='config:default', value='localstack.services.providers:awsconfig', group='localstack.aws.provider')
2023-04-06T11:45:58.452 DEBUG --- [  MainThread] stevedore.extension        : found extension EntryPoint(name='dynamodb:default', value='localstack.services.providers:dynamodb', group='localstack.aws.provider')
2023-04-06T11:45:58.453 DEBUG --- [  MainThread] stevedore.extension        : found extension EntryPoint(name='dynamodbstreams:default', value='localstack.services.providers:dynamodbstreams', group='localstack.aws.provider')
2023-04-06T11:45:58.454 DEBUG --- [  MainThread] stevedore.extension        : found extension EntryPoint(name='ec2:default', value='localstack.services.providers:ec2', group='localstack.aws.provider')
2023-04-06T11:45:58.454 DEBUG --- [  MainThread] stevedore.extension        : found extension EntryPoint(name='es:default', value='localstack.services.providers:es', group='localstack.aws.provider')
2023-04-06T11:45:58.454 DEBUG --- [  MainThread] stevedore.extension        : found extension EntryPoint(name='events:default', value='localstack.services.providers:events', group='localstack.aws.provider')
2023-04-06T11:45:58.454 DEBUG --- [  MainThread] stevedore.extension        : found extension EntryPoint(name='firehose:default', value='localstack.services.providers:firehose', group='localstack.aws.provider')
2023-04-06T11:45:58.455 DEBUG --- [  MainThread] stevedore.extension        : found extension EntryPoint(name='iam:default', value='localstack.services.providers:iam', group='localstack.aws.provider')
2023-04-06T11:45:58.455 DEBUG --- [  MainThread] stevedore.extension        : found extension EntryPoint(name='kinesis:default', value='localstack.services.providers:kinesis', group='localstack.aws.provider')
2023-04-06T11:45:58.455 DEBUG --- [  MainThread] stevedore.extension        : found extension EntryPoint(name='kms:default', value='localstack.services.providers:kms', group='localstack.aws.provider')
2023-04-06T11:45:58.455 DEBUG --- [  MainThread] stevedore.extension        : found extension EntryPoint(name='lambda:asf', value='localstack.services.providers:awslambda_asf', group='localstack.aws.provider')
2023-04-06T11:45:58.456 DEBUG --- [  MainThread] stevedore.extension        : found extension EntryPoint(name='lambda:default', value='localstack.services.providers:awslambda', group='localstack.aws.provider')
2023-04-06T11:45:58.456 DEBUG --- [  MainThread] stevedore.extension        : found extension EntryPoint(name='lambda:v1', value='localstack.services.providers:awslambda_v1', group='localstack.aws.provider')
2023-04-06T11:45:58.456 DEBUG --- [  MainThread] stevedore.extension        : found extension EntryPoint(name='lambda:v2', value='localstack.services.providers:awslambda_v2', group='localstack.aws.provider')
2023-04-06T11:45:58.456 DEBUG --- [  MainThread] stevedore.extension        : found extension EntryPoint(name='logs:default', value='localstack.services.providers:logs', group='localstack.aws.provider')
2023-04-06T11:45:58.457 DEBUG --- [  MainThread] stevedore.extension        : found extension EntryPoint(name='opensearch:default', value='localstack.services.providers:opensearch', group='localstack.aws.provider')
2023-04-06T11:45:58.457 DEBUG --- [  MainThread] stevedore.extension        : found extension EntryPoint(name='redshift:default', value='localstack.services.providers:redshift', group='localstack.aws.provider')
2023-04-06T11:45:58.457 DEBUG --- [  MainThread] stevedore.extension        : found extension EntryPoint(name='resource-groups:default', value='localstack.services.providers:resource_groups', group='localstack.aws.provider')
2023-04-06T11:45:58.458 DEBUG --- [  MainThread] stevedore.extension        : found extension EntryPoint(name='resourcegroupstaggingapi:default', value='localstack.services.providers:resourcegroupstaggingapi', group='localstack.aws.provider')
2023-04-06T11:45:58.458 DEBUG --- [  MainThread] stevedore.extension        : found extension EntryPoint(name='route53:default', value='localstack.services.providers:route53', group='localstack.aws.provider')
2023-04-06T11:45:58.458 DEBUG --- [  MainThread] stevedore.extension        : found extension EntryPoint(name='route53resolver:default', value='localstack.services.providers:route53resolver', group='localstack.aws.provider')
2023-04-06T11:45:58.458 DEBUG --- [  MainThread] stevedore.extension        : found extension EntryPoint(name='s3:asf', value='localstack.services.providers:s3_asf', group='localstack.aws.provider')
2023-04-06T11:45:58.459 DEBUG --- [  MainThread] stevedore.extension        : found extension EntryPoint(name='s3:default', value='localstack.services.providers:s3', group='localstack.aws.provider')
2023-04-06T11:45:58.459 DEBUG --- [  MainThread] stevedore.extension        : found extension EntryPoint(name='s3:v1', value='localstack.services.providers:s3_v1', group='localstack.aws.provider')
2023-04-06T11:45:58.460 DEBUG --- [  MainThread] stevedore.extension        : found extension EntryPoint(name='s3:v2', value='localstack.services.providers:s3_v2', group='localstack.aws.provider')
2023-04-06T11:45:58.461 DEBUG --- [  MainThread] stevedore.extension        : found extension EntryPoint(name='s3control:default', value='localstack.services.providers:s3control', group='localstack.aws.provider')
2023-04-06T11:45:58.462 DEBUG --- [  MainThread] stevedore.extension        : found extension EntryPoint(name='secretsmanager:default', value='localstack.services.providers:secretsmanager', group='localstack.aws.provider')
2023-04-06T11:45:58.463 DEBUG --- [  MainThread] stevedore.extension        : found extension EntryPoint(name='ses:default', value='localstack.services.providers:ses', group='localstack.aws.provider')
2023-04-06T11:45:58.463 DEBUG --- [  MainThread] stevedore.extension        : found extension EntryPoint(name='sns:default', value='localstack.services.providers:sns', group='localstack.aws.provider')
2023-04-06T11:45:58.463 DEBUG --- [  MainThread] stevedore.extension        : found extension EntryPoint(name='sqs:default', value='localstack.services.providers:sqs', group='localstack.aws.provider')
2023-04-06T11:45:58.464 DEBUG --- [  MainThread] stevedore.extension        : found extension EntryPoint(name='ssm:default', value='localstack.services.providers:ssm', group='localstack.aws.provider')
2023-04-06T11:45:58.464 DEBUG --- [  MainThread] stevedore.extension        : found extension EntryPoint(name='stepfunctions:default', value='localstack.services.providers:stepfunctions', group='localstack.aws.provider')
2023-04-06T11:45:58.464 DEBUG --- [  MainThread] stevedore.extension        : found extension EntryPoint(name='stepfunctions:v1', value='localstack.services.providers:stepfunctions_v1', group='localstack.aws.provider')
2023-04-06T11:45:58.464 DEBUG --- [  MainThread] stevedore.extension        : found extension EntryPoint(name='stepfunctions:v2', value='localstack.services.providers:stepfunctions_v2', group='localstack.aws.provider')
2023-04-06T11:45:58.464 DEBUG --- [  MainThread] stevedore.extension        : found extension EntryPoint(name='sts:default', value='localstack.services.providers:sts', group='localstack.aws.provider')
2023-04-06T11:45:58.465 DEBUG --- [  MainThread] stevedore.extension        : found extension EntryPoint(name='support:default', value='localstack.services.providers:support', group='localstack.aws.provider')
2023-04-06T11:45:58.465 DEBUG --- [  MainThread] stevedore.extension        : found extension EntryPoint(name='swf:default', value='localstack.services.providers:swf', group='localstack.aws.provider')
2023-04-06T11:45:58.465 DEBUG --- [  MainThread] stevedore.extension        : found extension EntryPoint(name='transcribe:default', value='localstack.services.providers:transcribe', group='localstack.aws.provider')
2023-04-06T11:45:58.465 DEBUG --- [  MainThread] stevedore.extension        : found extension EntryPoint(name='acm:pro', value='localstack_ext.providers:acm', group='localstack.aws.provider')
2023-04-06T11:45:58.471 DEBUG --- [  MainThread] stevedore.extension        : found extension EntryPoint(name='amplify:pro', value='localstack_ext.providers:amplify', group='localstack.aws.provider')
2023-04-06T11:45:58.472 DEBUG --- [  MainThread] stevedore.extension        : found extension EntryPoint(name='apigateway:pro', value='localstack_ext.providers:apigateway', group='localstack.aws.provider')
2023-04-06T11:45:58.472 DEBUG --- [  MainThread] stevedore.extension        : found extension EntryPoint(name='apigatewaymanagementapi:pro', value='localstack_ext.providers:apigatewaymanagementapi', group='localstack.aws.provider')
2023-04-06T11:45:58.472 DEBUG --- [  MainThread] stevedore.extension        : found extension EntryPoint(name='apigatewayv2:pro', value='localstack_ext.providers:apigatewayv2', group='localstack.aws.provider')
2023-04-06T11:45:58.472 DEBUG --- [  MainThread] stevedore.extension        : found extension EntryPoint(name='appconfig:pro', value='localstack_ext.providers:appconfig', group='localstack.aws.provider')
2023-04-06T11:45:58.473 DEBUG --- [  MainThread] stevedore.extension        : found extension EntryPoint(name='application-autoscaling:pro', value='localstack_ext.providers:application_autoscaling', group='localstack.aws.provider')
2023-04-06T11:45:58.473 DEBUG --- [  MainThread] stevedore.extension        : found extension EntryPoint(name='appsync:pro', value='localstack_ext.providers:appsync', group='localstack.aws.provider')
2023-04-06T11:45:58.474 DEBUG --- [  MainThread] stevedore.extension        : found extension EntryPoint(name='athena:pro', value='localstack_ext.providers:athena', group='localstack.aws.provider')
2023-04-06T11:45:58.475 DEBUG --- [  MainThread] stevedore.extension        : found extension EntryPoint(name='autoscaling:pro', value='localstack_ext.providers:autoscaling', group='localstack.aws.provider')
2023-04-06T11:45:58.476 DEBUG --- [  MainThread] stevedore.extension        : found extension EntryPoint(name='azure:pro', value='localstack_ext.providers:azure', group='localstack.aws.provider')
2023-04-06T11:45:58.477 DEBUG --- [  MainThread] stevedore.extension        : found extension EntryPoint(name='backup:pro', value='localstack_ext.providers:backup', group='localstack.aws.provider')
2023-04-06T11:45:58.478 DEBUG --- [  MainThread] stevedore.extension        : found extension EntryPoint(name='batch:pro', value='localstack_ext.providers:batch', group='localstack.aws.provider')
2023-04-06T11:45:58.478 DEBUG --- [  MainThread] stevedore.extension        : found extension EntryPoint(name='ce:pro', value='localstack_ext.providers:ce', group='localstack.aws.provider')
2023-04-06T11:45:58.479 DEBUG --- [  MainThread] stevedore.extension        : found extension EntryPoint(name='cloudformation:pro', value='localstack_ext.providers:cloudformation', group='localstack.aws.provider')
2023-04-06T11:45:58.480 DEBUG --- [  MainThread] stevedore.extension        : found extension EntryPoint(name='cloudfront:pro', value='localstack_ext.providers:cloudfront', group='localstack.aws.provider')
2023-04-06T11:45:58.481 DEBUG --- [  MainThread] stevedore.extension        : found extension EntryPoint(name='cloudtrail:pro', value='localstack_ext.providers:cloudtrail', group='localstack.aws.provider')
2023-04-06T11:45:58.481 DEBUG --- [  MainThread] stevedore.extension        : found extension EntryPoint(name='codecommit:pro', value='localstack_ext.providers:codecommit', group='localstack.aws.provider')
2023-04-06T11:45:58.483 DEBUG --- [  MainThread] stevedore.extension        : found extension EntryPoint(name='cognito-identity:pro', value='localstack_ext.providers:cognito_identity', group='localstack.aws.provider')
2023-04-06T11:45:58.483 DEBUG --- [  MainThread] stevedore.extension        : found extension EntryPoint(name='cognito-idp:pro', value='localstack_ext.providers:cognito_idp', group='localstack.aws.provider')
2023-04-06T11:45:58.483 DEBUG --- [  MainThread] stevedore.extension        : found extension EntryPoint(name='docdb:pro', value='localstack_ext.providers:docdb', group='localstack.aws.provider')
2023-04-06T11:45:58.484 DEBUG --- [  MainThread] stevedore.extension        : found extension EntryPoint(name='dynamodb:pro', value='localstack_ext.providers:dynamodb', group='localstack.aws.provider')
2023-04-06T11:45:58.484 DEBUG --- [  MainThread] stevedore.extension        : found extension EntryPoint(name='ec2:pro', value='localstack_ext.providers:ec2', group='localstack.aws.provider')
2023-04-06T11:45:58.484 DEBUG --- [  MainThread] stevedore.extension        : found extension EntryPoint(name='ecr:pro', value='localstack_ext.providers:ecr', group='localstack.aws.provider')
2023-04-06T11:45:58.484 DEBUG --- [  MainThread] stevedore.extension        : found extension EntryPoint(name='ecs:pro', value='localstack_ext.providers:ecs', group='localstack.aws.provider')
2023-04-06T11:45:58.484 DEBUG --- [  MainThread] stevedore.extension        : found extension EntryPoint(name='efs:pro', value='localstack_ext.providers:efs', group='localstack.aws.provider')
2023-04-06T11:45:58.484 DEBUG --- [  MainThread] stevedore.extension        : found extension EntryPoint(name='eks:mock', value='localstack_ext.providers:eks_mock', group='localstack.aws.provider')
2023-04-06T11:45:58.485 DEBUG --- [  MainThread] stevedore.extension        : found extension EntryPoint(name='eks:pro', value='localstack_ext.providers:eks', group='localstack.aws.provider')
2023-04-06T11:45:58.485 DEBUG --- [  MainThread] stevedore.extension        : found extension EntryPoint(name='elasticache:pro', value='localstack_ext.providers:elasticache', group='localstack.aws.provider')
2023-04-06T11:45:58.486 DEBUG --- [  MainThread] stevedore.extension        : found extension EntryPoint(name='elasticbeanstalk:pro', value='localstack_ext.providers:elasticbeanstalk', group='localstack.aws.provider')
2023-04-06T11:45:58.487 DEBUG --- [  MainThread] stevedore.extension        : found extension EntryPoint(name='elb:pro', value='localstack_ext.providers:elb', group='localstack.aws.provider')
2023-04-06T11:45:58.489 DEBUG --- [  MainThread] stevedore.extension        : found extension EntryPoint(name='elbv2:pro', value='localstack_ext.providers:elbv2', group='localstack.aws.provider')
2023-04-06T11:45:58.490 DEBUG --- [  MainThread] stevedore.extension        : found extension EntryPoint(name='emr:pro', value='localstack_ext.providers:emr', group='localstack.aws.provider')
2023-04-06T11:45:58.492 DEBUG --- [  MainThread] stevedore.extension        : found extension EntryPoint(name='events:pro', value='localstack_ext.providers:events', group='localstack.aws.provider')
2023-04-06T11:45:58.494 DEBUG --- [  MainThread] stevedore.extension        : found extension EntryPoint(name='fis:pro', value='localstack_ext.providers:fis', group='localstack.aws.provider')
2023-04-06T11:45:58.496 DEBUG --- [  MainThread] stevedore.extension        : found extension EntryPoint(name='glacier:pro', value='localstack_ext.providers:glacier', group='localstack.aws.provider')
2023-04-06T11:45:58.498 DEBUG --- [  MainThread] stevedore.extension        : found extension EntryPoint(name='glue:pro', value='localstack_ext.providers:glue', group='localstack.aws.provider')
2023-04-06T11:45:58.499 DEBUG --- [  MainThread] stevedore.extension        : found extension EntryPoint(name='iot-data:pro', value='localstack_ext.providers:iot_data', group='localstack.aws.provider')
2023-04-06T11:45:58.501 DEBUG --- [  MainThread] stevedore.extension        : found extension EntryPoint(name='iot:pro', value='localstack_ext.providers:iot', group='localstack.aws.provider')
2023-04-06T11:45:58.502 DEBUG --- [  MainThread] stevedore.extension        : found extension EntryPoint(name='iotanalytics:pro', value='localstack_ext.providers:iotanalytics', group='localstack.aws.provider')
2023-04-06T11:45:58.503 DEBUG --- [  MainThread] stevedore.extension        : found extension EntryPoint(name='iotwireless:pro', value='localstack_ext.providers:iotwireless', group='localstack.aws.provider')
2023-04-06T11:45:58.504 DEBUG --- [  MainThread] stevedore.extension        : found extension EntryPoint(name='kafka:pro', value='localstack_ext.providers:kafka', group='localstack.aws.provider')
2023-04-06T11:45:58.505 DEBUG --- [  MainThread] stevedore.extension        : found extension EntryPoint(name='kinesis:pro', value='localstack_ext.providers:kinesis', group='localstack.aws.provider')
2023-04-06T11:45:58.506 DEBUG --- [  MainThread] stevedore.extension        : found extension EntryPoint(name='kinesisanalytics:pro', value='localstack_ext.providers:kinesisanalytics', group='localstack.aws.provider')
2023-04-06T11:45:58.507 DEBUG --- [  MainThread] stevedore.extension        : found extension EntryPoint(name='kinesisanalyticsv2:pro', value='localstack_ext.providers:kinesisanalyticsv2', group='localstack.aws.provider')
2023-04-06T11:45:58.508 DEBUG --- [  MainThread] stevedore.extension        : found extension EntryPoint(name='kms:pro', value='localstack_ext.providers:kms', group='localstack.aws.provider')
2023-04-06T11:45:58.510 DEBUG --- [  MainThread] stevedore.extension        : found extension EntryPoint(name='lakeformation:pro', value='localstack_ext.providers:lakeformation', group='localstack.aws.provider')
2023-04-06T11:45:58.511 DEBUG --- [  MainThread] stevedore.extension        : found extension EntryPoint(name='lambda:asf_pro', value='localstack_ext.providers:lambda_asf', group='localstack.aws.provider')
2023-04-06T11:45:58.512 DEBUG --- [  MainThread] stevedore.extension        : found extension EntryPoint(name='lambda:pro', value='localstack_ext.providers:awslambda', group='localstack.aws.provider')
2023-04-06T11:45:58.513 DEBUG --- [  MainThread] stevedore.extension        : found extension EntryPoint(name='lambda:v1_pro', value='localstack_ext.providers:awslambda_v1', group='localstack.aws.provider')
2023-04-06T11:45:58.514 DEBUG --- [  MainThread] stevedore.extension        : found extension EntryPoint(name='lambda:v2_pro', value='localstack_ext.providers:lambda_v2', group='localstack.aws.provider')
2023-04-06T11:45:58.515 DEBUG --- [  MainThread] stevedore.extension        : found extension EntryPoint(name='logs:pro', value='localstack_ext.providers:logs', group='localstack.aws.provider')
2023-04-06T11:45:58.516 DEBUG --- [  MainThread] stevedore.extension        : found extension EntryPoint(name='mediastore-data:pro', value='localstack_ext.providers:mediastore_data', group='localstack.aws.provider')
2023-04-06T11:45:58.518 DEBUG --- [  MainThread] stevedore.extension        : found extension EntryPoint(name='mediastore:pro', value='localstack_ext.providers:mediastore', group='localstack.aws.provider')
2023-04-06T11:45:58.520 DEBUG --- [  MainThread] stevedore.extension        : found extension EntryPoint(name='mq:pro', value='localstack_ext.providers:mq', group='localstack.aws.provider')
2023-04-06T11:45:58.521 DEBUG --- [  MainThread] stevedore.extension        : found extension EntryPoint(name='mwaa:pro', value='localstack_ext.providers:mwaa', group='localstack.aws.provider')
2023-04-06T11:45:58.523 DEBUG --- [  MainThread] stevedore.extension        : found extension EntryPoint(name='neptune:pro', value='localstack_ext.providers:neptune', group='localstack.aws.provider')
2023-04-06T11:45:58.524 DEBUG --- [  MainThread] stevedore.extension        : found extension EntryPoint(name='opensearch:pro', value='localstack_ext.providers:opensearch', group='localstack.aws.provider')
2023-04-06T11:45:58.525 DEBUG --- [  MainThread] stevedore.extension        : found extension EntryPoint(name='organizations:pro', value='localstack_ext.providers:organizations', group='localstack.aws.provider')
2023-04-06T11:45:58.526 DEBUG --- [  MainThread] stevedore.extension        : found extension EntryPoint(name='qldb-session:pro', value='localstack_ext.providers:qldb_session', group='localstack.aws.provider')
2023-04-06T11:45:58.527 DEBUG --- [  MainThread] stevedore.extension        : found extension EntryPoint(name='qldb:pro', value='localstack_ext.providers:qldb', group='localstack.aws.provider')
2023-04-06T11:45:58.528 DEBUG --- [  MainThread] stevedore.extension        : found extension EntryPoint(name='rds-data:pro', value='localstack_ext.providers:rds_data', group='localstack.aws.provider')
2023-04-06T11:45:58.529 DEBUG --- [  MainThread] stevedore.extension        : found extension EntryPoint(name='rds:pro', value='localstack_ext.providers:rds', group='localstack.aws.provider')
2023-04-06T11:45:58.530 DEBUG --- [  MainThread] stevedore.extension        : found extension EntryPoint(name='redshift-data:pro', value='localstack_ext.providers:redshift_data', group='localstack.aws.provider')
2023-04-06T11:45:58.530 DEBUG --- [  MainThread] stevedore.extension        : found extension EntryPoint(name='redshift:pro', value='localstack_ext.providers:redshift', group='localstack.aws.provider')
2023-04-06T11:45:58.531 DEBUG --- [  MainThread] stevedore.extension        : found extension EntryPoint(name='route53:pro', value='localstack_ext.providers:route53', group='localstack.aws.provider')
2023-04-06T11:45:58.532 DEBUG --- [  MainThread] stevedore.extension        : found extension EntryPoint(name='s3:asf_pro', value='localstack_ext.providers:s3_asf', group='localstack.aws.provider')
2023-04-06T11:45:58.533 DEBUG --- [  MainThread] stevedore.extension        : found extension EntryPoint(name='s3:pro', value='localstack_ext.providers:s3', group='localstack.aws.provider')
2023-04-06T11:45:58.534 DEBUG --- [  MainThread] stevedore.extension        : found extension EntryPoint(name='s3:v1_pro', value='localstack_ext.providers:s3_v1', group='localstack.aws.provider')
2023-04-06T11:45:58.535 DEBUG --- [  MainThread] stevedore.extension        : found extension EntryPoint(name='s3:v2_pro', value='localstack_ext.providers:s3_v2', group='localstack.aws.provider')
2023-04-06T11:45:58.536 DEBUG --- [  MainThread] stevedore.extension        : found extension EntryPoint(name='sagemaker-runtime:pro', value='localstack_ext.providers:sagemaker_runtime', group='localstack.aws.provider')
2023-04-06T11:45:58.537 DEBUG --- [  MainThread] stevedore.extension        : found extension EntryPoint(name='sagemaker:pro', value='localstack_ext.providers:sagemaker', group='localstack.aws.provider')
2023-04-06T11:45:58.538 DEBUG --- [  MainThread] stevedore.extension        : found extension EntryPoint(name='serverlessrepo:pro', value='localstack_ext.providers:serverlessrepo', group='localstack.aws.provider')
2023-04-06T11:45:58.539 DEBUG --- [  MainThread] stevedore.extension        : found extension EntryPoint(name='servicediscovery:pro', value='localstack_ext.providers:servicediscovery', group='localstack.aws.provider')
2023-04-06T11:45:58.540 DEBUG --- [  MainThread] stevedore.extension        : found extension EntryPoint(name='ses:pro', value='localstack_ext.providers:ses', group='localstack.aws.provider')
2023-04-06T11:45:58.541 DEBUG --- [  MainThread] stevedore.extension        : found extension EntryPoint(name='sesv2:pro', value='localstack_ext.providers:sesv2', group='localstack.aws.provider')
2023-04-06T11:45:58.542 DEBUG --- [  MainThread] stevedore.extension        : found extension EntryPoint(name='sqs:pro', value='localstack_ext.providers:sqs', group='localstack.aws.provider')
2023-04-06T11:45:58.543 DEBUG --- [  MainThread] stevedore.extension        : found extension EntryPoint(name='ssm:pro', value='localstack_ext.providers:ssm', group='localstack.aws.provider')
2023-04-06T11:45:58.544 DEBUG --- [  MainThread] stevedore.extension        : found extension EntryPoint(name='stepfunctions:pro', value='localstack_ext.providers:stepfunctions', group='localstack.aws.provider')
2023-04-06T11:45:58.544 DEBUG --- [  MainThread] stevedore.extension        : found extension EntryPoint(name='stepfunctions:v1_pro', value='localstack_ext.providers:stepfunctions_v1', group='localstack.aws.provider')
2023-04-06T11:45:58.545 DEBUG --- [  MainThread] stevedore.extension        : found extension EntryPoint(name='timestream-query:pro', value='localstack_ext.providers:timestream_query', group='localstack.aws.provider')
2023-04-06T11:45:58.546 DEBUG --- [  MainThread] stevedore.extension        : found extension EntryPoint(name='timestream-write:pro', value='localstack_ext.providers:timestream_write', group='localstack.aws.provider')
2023-04-06T11:45:58.547 DEBUG --- [  MainThread] stevedore.extension        : found extension EntryPoint(name='transfer:pro', value='localstack_ext.providers:transfer', group='localstack.aws.provider')
2023-04-06T11:45:58.548 DEBUG --- [  MainThread] stevedore.extension        : found extension EntryPoint(name='xray:pro', value='localstack_ext.providers:xray', group='localstack.aws.provider')
2023-04-06T11:45:58.551 DEBUG --- [  MainThread] stevedore.extension        : found extension EntryPoint(name='_run_init_scripts_on_ready', value='localstack.runtime.init:_run_init_scripts_on_ready', group='localstack.hooks.on_infra_ready')
2023-04-06T11:45:58.552 DEBUG --- [  MainThread] stevedore.extension        : found extension EntryPoint(name='register_virtual_host_routes', value='localstack.services.s3.virtual_host:register_virtual_host_routes', group='localstack.hooks.on_infra_ready')
2023-04-06T11:45:58.610 DEBUG --- [  MainThread] stevedore.extension        : found extension EntryPoint(name='extensions_on_infra_ready', value='localstack_ext.extensions.plugins:extensions_on_infra_ready', group='localstack.hooks.on_infra_ready')
2023-04-06T11:45:58.611 DEBUG --- [  MainThread] stevedore.extension        : found extension EntryPoint(name='initialize_health_info', value='localstack_ext.plugins:initialize_health_info', group='localstack.hooks.on_infra_ready')
2023-04-06T11:45:58.612 DEBUG --- [  MainThread] plugin.manager             : instantiating plugin PluginSpec(localstack.hooks.on_infra_ready._run_init_scripts_on_ready = <function _run_init_scripts_on_ready at 0x7f668fd7d360>)
2023-04-06T11:45:58.614 DEBUG --- [  MainThread] plugin.manager             : loading plugin localstack.hooks.on_infra_ready:_run_init_scripts_on_ready
2023-04-06T11:45:58.614 DEBUG --- [  MainThread] plugin.manager             : instantiating plugin PluginSpec(localstack.hooks.on_infra_ready.register_virtual_host_routes = <function register_virtual_host_routes at 0x7f66790a4a60>)
2023-04-06T11:45:58.615 DEBUG --- [  MainThread] plugin.manager             : plugin localstack.hooks.on_infra_ready:register_virtual_host_routes is disabled
2023-04-06T11:45:58.616 DEBUG --- [  MainThread] plugin.manager             : instantiating plugin PluginSpec(localstack.hooks.on_infra_ready.extensions_on_infra_ready = <function extensions_on_infra_ready at 0x7f668fd9c940>)
2023-04-06T11:45:58.618 DEBUG --- [  MainThread] plugin.manager             : plugin localstack.hooks.on_infra_ready:extensions_on_infra_ready is disabled
2023-04-06T11:45:58.620 DEBUG --- [  MainThread] plugin.manager             : instantiating plugin PluginSpec(localstack.hooks.on_infra_ready.initialize_health_info = <function initialize_health_info at 0x7f668fd7fd00>)
2023-04-06T11:45:58.622 DEBUG --- [  MainThread] plugin.manager             : plugin localstack.hooks.on_infra_ready:initialize_health_info is disabled
2023-04-06T11:46:52.461  INFO --- [   asgi_gw_0] localstack.request.http    : OPTIONS /_localstack/stackinfo => 204
2023-04-06T11:46:52.517  WARN --- [   asgi_gw_0] l.aws.handlers.internal    : Unable to find resource handler for path: /_localstack/stackinfo
2023-04-06T11:46:52.519  INFO --- [   asgi_gw_0] localstack.request.http    : GET /_localstack/stackinfo => 404
2023-04-06T11:46:59.962  INFO --- [   asgi_gw_0] localstack.request.http    : OPTIONS / => 204
2023-04-06T11:47:00.017 DEBUG --- [   asgi_gw_1] plugin.manager             : instantiating plugin PluginSpec(localstack.aws.provider.dynamodb:default = <function dynamodb at 0x7f667a906a70>)
2023-04-06T11:47:00.018 DEBUG --- [   asgi_gw_1] plugin.manager             : loading plugin localstack.aws.provider:dynamodb:default
2023-04-06T11:47:00.679  INFO --- [   asgi_gw_1] localstack.utils.bootstrap : Execution of "_load_service_plugin" took 661.90ms
2023-04-06T11:47:00.681 DEBUG --- [   asgi_gw_1] localstack.packages.api    : Installation of dynamodb-local skipped (already installed).
2023-04-06T11:47:00.681 DEBUG --- [   asgi_gw_1] l.services.dynamodb.server : starting dynamodb process ['java', '-Xmx256m', '-javaagent:/usr/lib/localstack/dynamodb-local/latest/ddb-local-loader-0.1.jar', '-Djava.library.path=/usr/lib/localstack/dynamodb-local/latest/DynamoDBLocal_lib', '-jar', '/usr/lib/localstack/dynamodb-local/latest/DynamoDBLocal.jar', '-port', '42895', '-dbPath', '/var/lib/localstack/tmp/state/dynamodb']
2023-04-06T11:47:00.684 DEBUG --- [functhread17] localstack.utils.run       : Executing command: ['java', '-Xmx256m', '-javaagent:/usr/lib/localstack/dynamodb-local/latest/ddb-local-loader-0.1.jar', '-Djava.library.path=/usr/lib/localstack/dynamodb-local/latest/DynamoDBLocal_lib', '-jar', '/usr/lib/localstack/dynamodb-local/latest/DynamoDBLocal.jar', '-port', '42895', '-dbPath', '/var/lib/localstack/tmp/state/dynamodb']
2023-04-06T11:47:01.720  INFO --- [functhread17] l.services.dynamodb.server : Initializing DynamoDB Local with the following configuration:
2023-04-06T11:47:01.720  INFO --- [functhread17] l.services.dynamodb.server : Port:	42895
2023-04-06T11:47:01.720  INFO --- [functhread17] l.services.dynamodb.server : InMemory:	false
2023-04-06T11:47:01.720  INFO --- [functhread17] l.services.dynamodb.server : DbPath:	/var/lib/localstack/tmp/state/dynamodb
2023-04-06T11:47:01.721  INFO --- [functhread17] l.services.dynamodb.server : SharedDb:	false
2023-04-06T11:47:01.721  INFO --- [functhread17] l.services.dynamodb.server : shouldDelayTransientStatuses:	false
2023-04-06T11:47:01.721  INFO --- [functhread17] l.services.dynamodb.server : CorsParams:	null
2023-04-06T11:47:01.765  INFO --- [functhread17] l.services.dynamodb.server : 
2023-04-06T11:47:06.323 DEBUG --- [   asgi_gw_1] l.services.plugins         : checking service health dynamodb:4566
2023-04-06T11:47:06.325  INFO --- [   asgi_gw_1] localstack.utils.bootstrap : Execution of "require" took 6308.37ms
2023-04-06T11:47:06.657  INFO --- [   asgi_gw_1] localstack.request.aws     : AWS dynamodb.ListTables => 200
2023-04-06T11:47:14.999  INFO --- [   asgi_gw_1] localstack.request.http    : OPTIONS / => 204
2023-04-06T11:47:15.156  INFO --- [   asgi_gw_0] localstack.request.aws     : AWS dynamodb.ListTables => 200
2023-04-06T12:05:56.625 DEBUG --- [  MainThread] localstack.services.infra  : [shutdown] signal received 15
2023-04-06T12:05:56.626 DEBUG --- [  MainThread] stevedore.extension        : found extension EntryPoint(name='_run_init_scripts_on_shutdown', value='localstack.runtime.init:_run_init_scripts_on_shutdown', group='localstack.hooks.on_infra_shutdown')
2023-04-06T12:05:56.627 DEBUG --- [  MainThread] stevedore.extension        : found extension EntryPoint(name='run_shutdown_handlers', value='localstack.runtime.shutdown:run_shutdown_handlers', group='localstack.hooks.on_infra_shutdown')
2023-04-06T12:05:56.627 DEBUG --- [  MainThread] stevedore.extension        : found extension EntryPoint(name='extensions_on_infra_shutdown', value='localstack_ext.extensions.plugins:extensions_on_infra_shutdown', group='localstack.hooks.on_infra_shutdown')
2023-04-06T12:05:56.627 DEBUG --- [  MainThread] plugin.manager             : instantiating plugin PluginSpec(localstack.hooks.on_infra_shutdown._run_init_scripts_on_shutdown = <function _run_init_scripts_on_shutdown at 0x7f668fd7d480>)
2023-04-06T12:05:56.628 DEBUG --- [  MainThread] plugin.manager             : loading plugin localstack.hooks.on_infra_shutdown:_run_init_scripts_on_shutdown
2023-04-06T12:05:56.628 DEBUG --- [  MainThread] plugin.manager             : instantiating plugin PluginSpec(localstack.hooks.on_infra_shutdown.run_shutdown_handlers = <function run_shutdown_handlers at 0x7f668fd9fb50>)
2023-04-06T12:05:56.628 DEBUG --- [  MainThread] plugin.manager             : loading plugin localstack.hooks.on_infra_shutdown:run_shutdown_handlers
2023-04-06T12:05:56.628 DEBUG --- [  MainThread] plugin.manager             : instantiating plugin PluginSpec(localstack.hooks.on_infra_shutdown.extensions_on_infra_shutdown = <function extensions_on_infra_shutdown at 0x7f668fd9ca60>)
2023-04-06T12:05:56.628 DEBUG --- [  MainThread] plugin.manager             : plugin localstack.hooks.on_infra_shutdown:extensions_on_infra_shutdown is disabled
2023-04-06T12:05:56.631 DEBUG --- [  MainThread] localstack.services.infra  : [shutdown] Cleaning up services ...
2023-04-06T12:05:56.632 DEBUG --- [  MainThread] localstack.services.infra  : [shutdown] Cleaning up resources ...
2023-04-06T12:05:56.637 DEBUG --- [  MainThread] localstack.utils.threads   : [shutdown] Done cleaning up threads / processes / tasks
2023-04-06T12:05:56.660 DEBUG --- [  MainThread] localstack.utils.run       : Executing command: rm -rf "/var/lib/localstack/tmp"
2023-04-06T12:05:56.669 DEBUG --- [  MainThread] localstack.services.infra  : [shutdown] Force shutdown, not waiting for infrastructure to shut down
